

Microchip MPLAB XC8 Assembler V2.31 build 20201012212115 
                                                                                               Sat Jun 05 12:55:37 2021

Microchip MPLAB XC8 C Compiler v2.31 (Free license) build 20201012212115 Og1 
     1                           	processor	16F1938
     2                           	pagewidth 120
     3                           	opt	flic
     4                           	psect	idataBANK0,global,class=CODE,delta=2,noexec
     5                           	psect	idataBANK1,global,class=CODE,delta=2,noexec
     6                           	psect	idataBANK2,global,class=CODE,delta=2,noexec
     7                           	psect	cinit,global,class=CODE,merge=1,delta=2
     8                           	psect	bssCOMMON,global,class=COMMON,space=1,delta=1,noexec
     9                           	psect	bssBANK0,global,class=BANK0,space=1,delta=1,noexec
    10                           	psect	dataBANK0,global,class=BANK0,space=1,delta=1,noexec
    11                           	psect	dataBANK1,global,class=BANK1,space=1,delta=1,noexec
    12                           	psect	dataBANK2,global,class=BANK2,space=1,delta=1,noexec
    13                           	psect	inittext,global,class=CODE,delta=2
    14                           	psect	clrtext,global,class=CODE,delta=2
    15                           	psect	cstackCOMMON,global,class=COMMON,space=1,delta=1,noexec
    16                           	psect	cstackBANK0,global,class=BANK0,space=1,delta=1,noexec
    17                           	psect	maintext,global,class=CODE,merge=1,split=1,delta=2
    18                           	psect	text1,local,class=CODE,merge=1,delta=2
    19                           	psect	text2,local,class=CODE,merge=1,delta=2
    20                           	psect	text3,local,class=CODE,merge=1,delta=2
    21                           	psect	config,global,abs,ovrld,class=CONFIG,space=4,delta=2,noexec
    22                           	dabs	1,0x7E,2
    23  0000                     
    24                           ; Version 2.20
    25                           ; Generated 12/02/2020 GMT
    26                           ; 
    27                           ; Copyright © 2020, Microchip Technology Inc. and its subsidiaries ("Microchip")
    28                           ; All rights reserved.
    29                           ; 
    30                           ; This software is developed by Microchip Technology Inc. and its subsidiaries ("Microch
      +                          ip").
    31                           ; 
    32                           ; Redistribution and use in source and binary forms, with or without modification, are
    33                           ; permitted provided that the following conditions are met:
    34                           ; 
    35                           ;     1. Redistributions of source code must retain the above copyright notice, this lis
      +                          t of
    36                           ;        conditions and the following disclaimer.
    37                           ; 
    38                           ;     2. Redistributions in binary form must reproduce the above copyright notice, this 
      +                          list
    39                           ;        of conditions and the following disclaimer in the documentation and/or other
    40                           ;        materials provided with the distribution.
    41                           ; 
    42                           ;     3. Microchip's name may not be used to endorse or promote products derived from th
      +                          is
    43                           ;        software without specific prior written permission.
    44                           ; 
    45                           ; THIS SOFTWARE IS PROVIDED BY MICROCHIP "AS IS" AND ANY EXPRESS OR IMPLIED WARRANTIES,
    46                           ; INCLUDING, BUT NOT LIMITED TO, THE IMPLIED WARRANTIES OF MERCHANTABILITY AND FITNESS F
      +                          OR
    47                           ; PURPOSE ARE DISCLAIMED.  IN NO EVENT SHALL MICROCHIP BE LIABLE FOR ANY DIRECT, INDIREC
      +                          T,
    48                           ; INCIDENTAL, SPECIAL, EXEMPLARY, OR CONSEQUENTIAL DAMAGES (INCLUDING BUT NOT LIMITED TO
    49                           ; PROCUREMENT OF SUBSTITUTE GOODS OR SERVICES; LOSS OF USE, DATA OR PROFITS; OR BUSINESS
    50                           ; INTERRUPTION) HOWSOEVER CAUSED AND ON ANY THEORY OF LIABILITY, WHETHER IN CONTRACT, ST
      +                          RICT
    51                           ; LIABILITY, OR TORT (INCLUDING NEGLIGENCE OR OTHERWISE) ARISING IN ANY WAY OUT OF THE U
      +                          SE OF
    52                           ; THIS SOFTWARE, EVEN IF ADVISED OF THE POSSIBILITY OF SUCH DAMAGE.
    53                           ; 
    54                           ; 
    55                           ; Code-generator required, PIC16F1938 Definitions
    56                           ; 
    57                           ; SFR Addresses
    58  0000                     	;# 
    59  0001                     	;# 
    60  0002                     	;# 
    61  0003                     	;# 
    62  0004                     	;# 
    63  0005                     	;# 
    64  0006                     	;# 
    65  0007                     	;# 
    66  0008                     	;# 
    67  0009                     	;# 
    68  000A                     	;# 
    69  000B                     	;# 
    70  000C                     	;# 
    71  000D                     	;# 
    72  000E                     	;# 
    73  0010                     	;# 
    74  0011                     	;# 
    75  0012                     	;# 
    76  0013                     	;# 
    77  0015                     	;# 
    78  0016                     	;# 
    79  0016                     	;# 
    80  0017                     	;# 
    81  0018                     	;# 
    82  0019                     	;# 
    83  001A                     	;# 
    84  001B                     	;# 
    85  001C                     	;# 
    86  001E                     	;# 
    87  001F                     	;# 
    88  008C                     	;# 
    89  008D                     	;# 
    90  008E                     	;# 
    91  0090                     	;# 
    92  0091                     	;# 
    93  0092                     	;# 
    94  0093                     	;# 
    95  0095                     	;# 
    96  0096                     	;# 
    97  0097                     	;# 
    98  0098                     	;# 
    99  0099                     	;# 
   100  009A                     	;# 
   101  009B                     	;# 
   102  009B                     	;# 
   103  009C                     	;# 
   104  009D                     	;# 
   105  009E                     	;# 
   106  010C                     	;# 
   107  010D                     	;# 
   108  010E                     	;# 
   109  0110                     	;# 
   110  0111                     	;# 
   111  0112                     	;# 
   112  0113                     	;# 
   113  0114                     	;# 
   114  0115                     	;# 
   115  0116                     	;# 
   116  0117                     	;# 
   117  0118                     	;# 
   118  0119                     	;# 
   119  011A                     	;# 
   120  011B                     	;# 
   121  011D                     	;# 
   122  018C                     	;# 
   123  018D                     	;# 
   124  0191                     	;# 
   125  0191                     	;# 
   126  0192                     	;# 
   127  0193                     	;# 
   128  0193                     	;# 
   129  0193                     	;# 
   130  0194                     	;# 
   131  0195                     	;# 
   132  0196                     	;# 
   133  0199                     	;# 
   134  019A                     	;# 
   135  019B                     	;# 
   136  019B                     	;# 
   137  019B                     	;# 
   138  019B                     	;# 
   139  019C                     	;# 
   140  019C                     	;# 
   141  019D                     	;# 
   142  019E                     	;# 
   143  019F                     	;# 
   144  020D                     	;# 
   145  0210                     	;# 
   146  0211                     	;# 
   147  0212                     	;# 
   148  0213                     	;# 
   149  0214                     	;# 
   150  0215                     	;# 
   151  0215                     	;# 
   152  0216                     	;# 
   153  0217                     	;# 
   154  0291                     	;# 
   155  0291                     	;# 
   156  0292                     	;# 
   157  0293                     	;# 
   158  0294                     	;# 
   159  0295                     	;# 
   160  0295                     	;# 
   161  0296                     	;# 
   162  0298                     	;# 
   163  0298                     	;# 
   164  0299                     	;# 
   165  029A                     	;# 
   166  029B                     	;# 
   167  029C                     	;# 
   168  029C                     	;# 
   169  029D                     	;# 
   170  029E                     	;# 
   171  029F                     	;# 
   172  0311                     	;# 
   173  0311                     	;# 
   174  0312                     	;# 
   175  0313                     	;# 
   176  0314                     	;# 
   177  0315                     	;# 
   178  0315                     	;# 
   179  0316                     	;# 
   180  0318                     	;# 
   181  0318                     	;# 
   182  0319                     	;# 
   183  031A                     	;# 
   184  031C                     	;# 
   185  031C                     	;# 
   186  031D                     	;# 
   187  031E                     	;# 
   188  0394                     	;# 
   189  0395                     	;# 
   190  0396                     	;# 
   191  0415                     	;# 
   192  0416                     	;# 
   193  0417                     	;# 
   194  041C                     	;# 
   195  041D                     	;# 
   196  041E                     	;# 
   197  0791                     	;# 
   198  0792                     	;# 
   199  0793                     	;# 
   200  0794                     	;# 
   201  0795                     	;# 
   202  0798                     	;# 
   203  0799                     	;# 
   204  07A0                     	;# 
   205  07A1                     	;# 
   206  07A3                     	;# 
   207  07A4                     	;# 
   208  07A6                     	;# 
   209  07A7                     	;# 
   210  07A9                     	;# 
   211  07AA                     	;# 
   212  0FE4                     	;# 
   213  0FE5                     	;# 
   214  0FE6                     	;# 
   215  0FE7                     	;# 
   216  0FE8                     	;# 
   217  0FE9                     	;# 
   218  0FEA                     	;# 
   219  0FEB                     	;# 
   220  0FED                     	;# 
   221  0FEE                     	;# 
   222  0FEF                     	;# 
   223  0000                     	;# 
   224  0001                     	;# 
   225  0002                     	;# 
   226  0003                     	;# 
   227  0004                     	;# 
   228  0005                     	;# 
   229  0006                     	;# 
   230  0007                     	;# 
   231  0008                     	;# 
   232  0009                     	;# 
   233  000A                     	;# 
   234  000B                     	;# 
   235  000C                     	;# 
   236  000D                     	;# 
   237  000E                     	;# 
   238  0010                     	;# 
   239  0011                     	;# 
   240  0012                     	;# 
   241  0013                     	;# 
   242  0015                     	;# 
   243  0016                     	;# 
   244  0016                     	;# 
   245  0017                     	;# 
   246  0018                     	;# 
   247  0019                     	;# 
   248  001A                     	;# 
   249  001B                     	;# 
   250  001C                     	;# 
   251  001E                     	;# 
   252  001F                     	;# 
   253  008C                     	;# 
   254  008D                     	;# 
   255  008E                     	;# 
   256  0090                     	;# 
   257  0091                     	;# 
   258  0092                     	;# 
   259  0093                     	;# 
   260  0095                     	;# 
   261  0096                     	;# 
   262  0097                     	;# 
   263  0098                     	;# 
   264  0099                     	;# 
   265  009A                     	;# 
   266  009B                     	;# 
   267  009B                     	;# 
   268  009C                     	;# 
   269  009D                     	;# 
   270  009E                     	;# 
   271  010C                     	;# 
   272  010D                     	;# 
   273  010E                     	;# 
   274  0110                     	;# 
   275  0111                     	;# 
   276  0112                     	;# 
   277  0113                     	;# 
   278  0114                     	;# 
   279  0115                     	;# 
   280  0116                     	;# 
   281  0117                     	;# 
   282  0118                     	;# 
   283  0119                     	;# 
   284  011A                     	;# 
   285  011B                     	;# 
   286  011D                     	;# 
   287  018C                     	;# 
   288  018D                     	;# 
   289  0191                     	;# 
   290  0191                     	;# 
   291  0192                     	;# 
   292  0193                     	;# 
   293  0193                     	;# 
   294  0193                     	;# 
   295  0194                     	;# 
   296  0195                     	;# 
   297  0196                     	;# 
   298  0199                     	;# 
   299  019A                     	;# 
   300  019B                     	;# 
   301  019B                     	;# 
   302  019B                     	;# 
   303  019B                     	;# 
   304  019C                     	;# 
   305  019C                     	;# 
   306  019D                     	;# 
   307  019E                     	;# 
   308  019F                     	;# 
   309  020D                     	;# 
   310  0210                     	;# 
   311  0211                     	;# 
   312  0212                     	;# 
   313  0213                     	;# 
   314  0214                     	;# 
   315  0215                     	;# 
   316  0215                     	;# 
   317  0216                     	;# 
   318  0217                     	;# 
   319  0291                     	;# 
   320  0291                     	;# 
   321  0292                     	;# 
   322  0293                     	;# 
   323  0294                     	;# 
   324  0295                     	;# 
   325  0295                     	;# 
   326  0296                     	;# 
   327  0298                     	;# 
   328  0298                     	;# 
   329  0299                     	;# 
   330  029A                     	;# 
   331  029B                     	;# 
   332  029C                     	;# 
   333  029C                     	;# 
   334  029D                     	;# 
   335  029E                     	;# 
   336  029F                     	;# 
   337  0311                     	;# 
   338  0311                     	;# 
   339  0312                     	;# 
   340  0313                     	;# 
   341  0314                     	;# 
   342  0315                     	;# 
   343  0315                     	;# 
   344  0316                     	;# 
   345  0318                     	;# 
   346  0318                     	;# 
   347  0319                     	;# 
   348  031A                     	;# 
   349  031C                     	;# 
   350  031C                     	;# 
   351  031D                     	;# 
   352  031E                     	;# 
   353  0394                     	;# 
   354  0395                     	;# 
   355  0396                     	;# 
   356  0415                     	;# 
   357  0416                     	;# 
   358  0417                     	;# 
   359  041C                     	;# 
   360  041D                     	;# 
   361  041E                     	;# 
   362  0791                     	;# 
   363  0792                     	;# 
   364  0793                     	;# 
   365  0794                     	;# 
   366  0795                     	;# 
   367  0798                     	;# 
   368  0799                     	;# 
   369  07A0                     	;# 
   370  07A1                     	;# 
   371  07A3                     	;# 
   372  07A4                     	;# 
   373  07A6                     	;# 
   374  07A7                     	;# 
   375  07A9                     	;# 
   376  07AA                     	;# 
   377  0FE4                     	;# 
   378  0FE5                     	;# 
   379  0FE6                     	;# 
   380  0FE7                     	;# 
   381  0FE8                     	;# 
   382  0FE9                     	;# 
   383  0FEA                     	;# 
   384  0FEB                     	;# 
   385  0FED                     	;# 
   386  0FEE                     	;# 
   387  0FEF                     	;# 
   388                           
   389                           	psect	idataBANK0
   390  06B4                     __pidataBANK0:
   391                           
   392                           ;initializer for _kisu
   393  06B4  3406               	retlw	6
   394  06B5  3400               	retlw	0
   395  06B6  344F               	retlw	79
   396  06B7  3400               	retlw	0
   397  06B8  346D               	retlw	109
   398  06B9  3400               	retlw	0
   399  06BA  3427               	retlw	39
   400  06BB  3400               	retlw	0
   401  06BC  346F               	retlw	111
   402  06BD  3400               	retlw	0
   403                           
   404                           ;initializer for _gusu
   405  06BE  343F               	retlw	63
   406  06BF  3400               	retlw	0
   407  06C0  345B               	retlw	91
   408  06C1  3400               	retlw	0
   409  06C2  3466               	retlw	102
   410  06C3  3400               	retlw	0
   411  06C4  347D               	retlw	125
   412  06C5  3400               	retlw	0
   413  06C6  347F               	retlw	127
   414  06C7  3400               	retlw	0
   415                           
   416                           ;initializer for _mojn
   417  06C8  3454               	retlw	84
   418  06C9  3400               	retlw	0
   419  06CA  3473               	retlw	115
   420  06CB  3400               	retlw	0
   421                           
   422                           ;initializer for _mojh
   423  06CC  3476               	retlw	118
   424  06CD  3400               	retlw	0
   425  06CE  3438               	retlw	56
   426  06CF  3400               	retlw	0
   427                           
   428                           	psect	idataBANK1
   429  0723                     __pidataBANK1:
   430                           
   431                           ;initializer for _samp
   432  0723  343F               	retlw	63
   433  0724  3400               	retlw	0
   434  0725  3406               	retlw	6
   435  0726  3400               	retlw	0
   436  0727  345B               	retlw	91
   437  0728  3400               	retlw	0
   438  0729  344F               	retlw	79
   439  072A  3400               	retlw	0
   440  072B  3466               	retlw	102
   441  072C  3400               	retlw	0
   442  072D  346D               	retlw	109
   443  072E  3400               	retlw	0
   444  072F  347D               	retlw	125
   445  0730  3400               	retlw	0
   446  0731  3427               	retlw	39
   447  0732  3400               	retlw	0
   448  0733  347F               	retlw	127
   449  0734  3400               	retlw	0
   450  0735  346F               	retlw	111
   451  0736  3400               	retlw	0
   452  0737  345F               	retlw	95
   453  0738  3400               	retlw	0
   454  0739  347C               	retlw	124
   455  073A  3400               	retlw	0
   456  073B  3458               	retlw	88
   457  073C  3400               	retlw	0
   458  073D  345E               	retlw	94
   459  073E  3400               	retlw	0
   460  073F  3479               	retlw	121
   461  0740  3400               	retlw	0
   462  0741  3471               	retlw	113
   463  0742  3400               	retlw	0
   464                           
   465                           ;initializer for _num0
   466  0743  343F               	retlw	63
   467  0744  3400               	retlw	0
   468  0745  3406               	retlw	6
   469  0746  3400               	retlw	0
   470  0747  345B               	retlw	91
   471  0748  3400               	retlw	0
   472  0749  344F               	retlw	79
   473  074A  3400               	retlw	0
   474  074B  3466               	retlw	102
   475  074C  3400               	retlw	0
   476  074D  346D               	retlw	109
   477  074E  3400               	retlw	0
   478  074F  347D               	retlw	125
   479  0750  3400               	retlw	0
   480  0751  3427               	retlw	39
   481  0752  3400               	retlw	0
   482  0753  347F               	retlw	127
   483  0754  3400               	retlw	0
   484  0755  346F               	retlw	111
   485  0756  3400               	retlw	0
   486                           
   487                           ;initializer for _mojf
   488  0757  3471               	retlw	113
   489  0758  3400               	retlw	0
   490  0759  3479               	retlw	121
   491  075A  3400               	retlw	0
   492  075B  345E               	retlw	94
   493  075C  3400               	retlw	0
   494  075D  3458               	retlw	88
   495  075E  3400               	retlw	0
   496  075F  347C               	retlw	124
   497  0760  3400               	retlw	0
   498  0761  345F               	retlw	95
   499  0762  3400               	retlw	0
   500                           
   501                           ;initializer for _moja
   502  0763  345F               	retlw	95
   503  0764  3400               	retlw	0
   504  0765  347C               	retlw	124
   505  0766  3400               	retlw	0
   506  0767  3458               	retlw	88
   507  0768  3400               	retlw	0
   508  0769  345E               	retlw	94
   509  076A  3400               	retlw	0
   510  076B  3479               	retlw	121
   511  076C  3400               	retlw	0
   512  076D  3471               	retlw	113
   513  076E  3400               	retlw	0
   514                           
   515                           	psect	idataBANK2
   516  06EF                     __pidataBANK2:
   517                           
   518                           ;initializer for _samf
   519  06EF  3471               	retlw	113
   520  06F0  3400               	retlw	0
   521  06F1  3479               	retlw	121
   522  06F2  3400               	retlw	0
   523  06F3  345E               	retlw	94
   524  06F4  3400               	retlw	0
   525  06F5  3458               	retlw	88
   526  06F6  3400               	retlw	0
   527  06F7  347C               	retlw	124
   528  06F8  3400               	retlw	0
   529  06F9  345F               	retlw	95
   530  06FA  3400               	retlw	0
   531  06FB  346F               	retlw	111
   532  06FC  3400               	retlw	0
   533  06FD  347F               	retlw	127
   534  06FE  3400               	retlw	0
   535  06FF  3427               	retlw	39
   536  0700  3400               	retlw	0
   537  0701  347D               	retlw	125
   538  0702  3400               	retlw	0
   539  0703  346D               	retlw	109
   540  0704  3400               	retlw	0
   541  0705  3466               	retlw	102
   542  0706  3400               	retlw	0
   543  0707  344F               	retlw	79
   544  0708  3400               	retlw	0
   545  0709  345B               	retlw	91
   546  070A  3400               	retlw	0
   547  070B  3406               	retlw	6
   548  070C  3400               	retlw	0
   549  070D  343F               	retlw	63
   550  070E  3400               	retlw	0
   551                           
   552                           ;initializer for _moji
   553  070F  345F               	retlw	95
   554  0710  3400               	retlw	0
   555  0711  347C               	retlw	124
   556  0712  3400               	retlw	0
   557  0713  3458               	retlw	88
   558  0714  3400               	retlw	0
   559  0715  345E               	retlw	94
   560  0716  3400               	retlw	0
   561  0717  3479               	retlw	121
   562  0718  3400               	retlw	0
   563  0719  3471               	retlw	113
   564  071A  3400               	retlw	0
   565  071B  3476               	retlw	118
   566  071C  3400               	retlw	0
   567  071D  3438               	retlw	56
   568  071E  3400               	retlw	0
   569  071F  3454               	retlw	84
   570  0720  3400               	retlw	0
   571  0721  3473               	retlw	115
   572  0722  3400               	retlw	0
   573  000E                     _PORTC	set	14
   574  000D                     _PORTB	set	13
   575  000C                     _PORTA	set	12
   576  0061                     _RA1	set	97
   577  0060                     _RA0	set	96
   578  0062                     _RA2	set	98
   579  0077                     _RC7	set	119
   580  0070                     _RC0	set	112
   581  0071                     _RC1	set	113
   582  0072                     _RC2	set	114
   583  0076                     _RC6	set	118
   584  0075                     _RC5	set	117
   585  0099                     _OSCCON	set	153
   586  008E                     _TRISC	set	142
   587  008D                     _TRISB	set	141
   588  008C                     _TRISA	set	140
   589  018D                     _ANSELB	set	397
   590  018C                     _ANSELA	set	396
   591                           
   592                           	psect	cinit
   593  07C9                     start_initialization:	
   594                           ; #config settings
   595                           
   596  07C9                     __initialization:
   597                           
   598                           ; Initialize objects allocated to BANK0
   599  07C9  30B4               	movlw	low __pidataBANK0
   600  07CA  0084               	movwf	4
   601  07CB  3086               	movlw	(high __pidataBANK0)| (0+128)
   602  07CC  0085               	movwf	5
   603  07CD  3020               	movlw	low __pdataBANK0
   604  07CE  0086               	movwf	6
   605  07CF  3000               	movlw	high __pdataBANK0
   606  07D0  0087               	movwf	7
   607  07D1  301C               	movlw	28
   608  07D2  3186  2692  3187   	fcall	init_ram
   609                           
   610                           ; Initialize objects allocated to BANK1
   611  07D5  3023               	movlw	low __pidataBANK1
   612  07D6  0084               	movwf	4
   613  07D7  3087               	movlw	(high __pidataBANK1)| (0+128)
   614  07D8  0085               	movwf	5
   615  07D9  30A0               	movlw	low __pdataBANK1
   616  07DA  0086               	movwf	6
   617  07DB  3000               	movlw	high __pdataBANK1
   618  07DC  0087               	movwf	7
   619  07DD  304C               	movlw	76
   620  07DE  3186  2692  3187   	fcall	init_ram
   621                           
   622                           ; Initialize objects allocated to BANK2
   623  07E1  30EF               	movlw	low __pidataBANK2
   624  07E2  0084               	movwf	4
   625  07E3  3086               	movlw	(high __pidataBANK2)| (0+128)
   626  07E4  0085               	movwf	5
   627  07E5  3020               	movlw	low __pdataBANK2
   628  07E6  0086               	movwf	6
   629  07E7  3001               	movlw	high __pdataBANK2
   630  07E8  0087               	movwf	7
   631  07E9  3034               	movlw	52
   632  07EA  3186  2692  3187   	fcall	init_ram
   633                           
   634                           ; Clear objects allocated to COMMON
   635  07ED  3070               	movlw	low __pbssCOMMON
   636  07EE  0084               	movwf	4
   637  07EF  3000               	movlw	high __pbssCOMMON
   638  07F0  0085               	movwf	5
   639  07F1  300C               	movlw	12
   640  07F2  3186  268C  3187   	fcall	clear_ram0
   641                           
   642                           ; Clear objects allocated to BANK0
   643  07F5  3054               	movlw	low __pbssBANK0
   644  07F6  0084               	movwf	4
   645  07F7  3000               	movlw	high __pbssBANK0
   646  07F8  0085               	movwf	5
   647  07F9  3016               	movlw	22
   648  07FA  3186  268C  3187   	fcall	clear_ram0
   649  07FD                     end_of_initialization:	
   650                           ;End of C runtime variable initialization code
   651                           
   652  07FD                     __end_of__initialization:
   653  07FD  0020               	movlb	0
   654  07FE  3187  2F6F         	ljmp	_main	;jump to C main() function
   655                           
   656                           	psect	bssCOMMON
   657  0070                     __pbssCOMMON:
   658  0070                     _atai10:
   659  0070                     	ds	2
   660  0072                     _ccw:
   661  0072                     	ds	2
   662  0074                     _cw:
   663  0074                     	ds	2
   664  0076                     _flg:
   665  0076                     	ds	2
   666  0078                     _flag_R:
   667  0078                     	ds	2
   668  007A                     _flag_sw3:
   669  007A                     	ds	2
   670                           
   671                           	psect	bssBANK0
   672  0054                     __pbssBANK0:
   673  0054                     _fugou:
   674  0054                     	ds	2
   675  0056                     _code1:
   676  0056                     	ds	2
   677  0058                     _code10:
   678  0058                     	ds	2
   679  005A                     _code100:
   680  005A                     	ds	2
   681  005C                     _code1000:
   682  005C                     	ds	2
   683  005E                     _count:
   684  005E                     	ds	2
   685  0060                     _atai:
   686  0060                     	ds	2
   687  0062                     _atai1:
   688  0062                     	ds	2
   689  0064                     _flag_P:
   690  0064                     	ds	2
   691  0066                     _flag_sw2:
   692  0066                     	ds	2
   693  0068                     _flag_sw1:
   694  0068                     	ds	2
   695                           
   696                           	psect	dataBANK0
   697  0020                     __pdataBANK0:
   698  0020                     _kisu:
   699  0020                     	ds	10
   700  002A                     _gusu:
   701  002A                     	ds	10
   702  0034                     _mojn:
   703  0034                     	ds	4
   704  0038                     _mojh:
   705  0038                     	ds	4
   706                           
   707                           	psect	dataBANK1
   708  00A0                     __pdataBANK1:
   709  00A0                     _samp:
   710  00A0                     	ds	32
   711  00C0                     _num0:
   712  00C0                     	ds	20
   713  00D4                     _mojf:
   714  00D4                     	ds	12
   715  00E0                     _moja:
   716  00E0                     	ds	12
   717                           
   718                           	psect	dataBANK2
   719  0120                     __pdataBANK2:
   720  0120                     _samf:
   721  0120                     	ds	32
   722  0140                     _moji:
   723  0140                     	ds	20
   724                           
   725                           	psect	inittext
   726  0692                     init_ram:
   727  0692  00FE               	movwf	btemp
   728  0693                     initloop:
   729  0693  0012               	moviw fsr0++
   730  0694  001E               	movwi fsr1++
   731  0695  0BFE               	decfsz	btemp,f
   732  0696  2E93               	goto	initloop
   733  0697  3400               	retlw	0
   734                           
   735                           	psect	clrtext
   736  068C                     clear_ram0:	
   737                           ;	Called with FSR0 containing the base address, and
   738                           ;	WREG with the size to clear
   739                           
   740  068C  0064               	clrwdt	;clear the watchdog before getting into this loop
   741  068D                     clrloop0:
   742  068D  0180               	clrf	0	;clear RAM location pointed to by FSR
   743  068E  3101               	addfsr 0,1
   744  068F  0B89               	decfsz	9,f	;Have we reached the end of clearing yet?
   745  0690  2E8D               	goto	clrloop0	;have we reached the end yet?
   746  0691  3400               	retlw	0	;all done for this memory range, return
   747                           
   748                           	psect	cstackCOMMON
   749  007C                     __pcstackCOMMON:
   750  007C                     ?_portinit:
   751  007C                     ??_portinit:	
   752                           ; 1 bytes @ 0x0
   753                           
   754  007C                     ?_zenoff:	
   755                           ; 1 bytes @ 0x0
   756                           
   757  007C                     ??_zenoff:	
   758                           ; 1 bytes @ 0x0
   759                           
   760  007C                     ?_fclr:	
   761                           ; 1 bytes @ 0x0
   762                           
   763  007C                     ?_main:	
   764                           ; 1 bytes @ 0x0
   765                           
   766  007C                     fclr@flg:	
   767                           ; 1 bytes @ 0x0
   768                           
   769                           
   770                           ; 2 bytes @ 0x0
   771  007C                     	ds	2
   772  007E                     ??_fclr:
   773  007E                     ??_main:	
   774                           ; 1 bytes @ 0x2
   775                           
   776                           
   777                           	psect	cstackBANK0
   778  003C                     __pcstackBANK0:	
   779                           ; 1 bytes @ 0x2
   780                           
   781  003C                     	ds	12
   782  0048                     main@ans:
   783                           
   784                           ; 2 bytes @ 0xC
   785  0048                     	ds	2
   786  004A                     main@segL:
   787                           
   788                           ; 2 bytes @ 0xE
   789  004A                     	ds	2
   790  004C                     main@segR:
   791                           
   792                           ; 2 bytes @ 0x10
   793  004C                     	ds	2
   794  004E                     main@ataiL:
   795                           
   796                           ; 2 bytes @ 0x12
   797  004E                     	ds	2
   798  0050                     main@ataiR:
   799                           
   800                           ; 2 bytes @ 0x14
   801  0050                     	ds	2
   802  0052                     main@zyoutai:
   803                           
   804                           ; 2 bytes @ 0x16
   805  0052                     	ds	2
   806                           
   807                           	psect	maintext
   808  076F                     __pmaintext:	
   809 ;;
   810 ;;Main: autosize = 0, tempsize = 0, incstack = 0, save=0
   811 ;;
   812 ;; *************** function _main *****************
   813 ;; Defined at:
   814 ;;		line 725 in file "Q1.c"
   815 ;; Parameters:    Size  Location     Type
   816 ;;		None
   817 ;; Auto vars:     Size  Location     Type
   818 ;;  zyoutai         2   22[BANK0 ] int 
   819 ;;  ataiR           2   20[BANK0 ] int 
   820 ;;  ataiL           2   18[BANK0 ] int 
   821 ;;  segR            2   16[BANK0 ] unsigned short 
   822 ;;  segL            2   14[BANK0 ] unsigned short 
   823 ;;  ans             2   12[BANK0 ] int 
   824 ;;  time            2    0        int 
   825 ;;  n               2    0        int 
   826 ;;  m               2    0        int 
   827 ;;  k               2    0        int 
   828 ;;  j               2    0        int 
   829 ;;  i               2    0        int 
   830 ;; Return value:  Size  Location     Type
   831 ;;                  1    wreg      void 
   832 ;; Registers used:
   833 ;;		wreg, fsr0l, fsr0h, status,2, status,0, pclath, cstack
   834 ;; Tracked objects:
   835 ;;		On entry : B1F/0
   836 ;;		On exit  : 0/0
   837 ;;		Unchanged: 0/0
   838 ;; Data sizes:     COMMON   BANK0   BANK1   BANK2   BANK3   BANK4   BANK5   BANK6   BANK7   BANK8   BANK9  BANK10  BANK1
      +1  BANK12
   839 ;;      Params:         0       0       0       0       0       0       0       0       0       0       0       0       
      +0       0
   840 ;;      Locals:         0      24       0       0       0       0       0       0       0       0       0       0       
      +0       0
   841 ;;      Temps:          0       0       0       0       0       0       0       0       0       0       0       0       
      +0       0
   842 ;;      Totals:         0      24       0       0       0       0       0       0       0       0       0       0       
      +0       0
   843 ;;Total ram usage:       24 bytes
   844 ;; Hardware stack levels required when called:    1
   845 ;; This function calls:
   846 ;;		_fclr
   847 ;;		_portinit
   848 ;;		_zenoff
   849 ;; This function is called by:
   850 ;;		Startup code after reset
   851 ;; This function uses a non-reentrant model
   852 ;;
   853                           
   854                           
   855                           ;psect for function _main
   856  076F                     _main:
   857  076F                     l2547:	
   858                           ;incstack = 0
   859                           ; Regs used in _main: [wreg-fsr0h+status,2+status,0+pclath+cstack]
   860                           
   861                           
   862                           ;Q1.c: 728:     OSCCON=0x7A;
   863  076F  307A               	movlw	122
   864  0770  0021               	movlb	1	; select bank1
   865  0771  0099               	movwf	25	;volatile
   866  0772                     l2549:
   867                           
   868                           ;Q1.c: 730:     portinit();
   869  0772  3186  26A1  3187   	fcall	_portinit
   870                           
   871                           ;Q1.c: 732:     zenoff();
   872  0775  3186  2698  3187   	fcall	_zenoff
   873  0778                     l2551:
   874  0778                     l2553:
   875  0778                     l2555:
   876  0778                     l2557:
   877  0778                     l2559:
   878  0778                     l344:	
   879                           ;Q1.c: 737:     while((RA0!=1)||(RA1!=1)||(RA2!=1));
   880                           
   881  0778  0020               	movlb	0	; select bank0
   882  0779  1C0C               	btfss	12,0	;volatile
   883  077A  2F7C               	goto	u2421
   884  077B  2F7D               	goto	u2420
   885  077C                     u2421:
   886  077C  2F78               	goto	l344
   887  077D                     u2420:
   888  077D                     l2561:
   889  077D  1C8C               	btfss	12,1	;volatile
   890  077E  2F80               	goto	u2431
   891  077F  2F81               	goto	u2430
   892  0780                     u2431:
   893  0780  2F78               	goto	l344
   894  0781                     u2430:
   895  0781                     l2563:
   896  0781  1D0C               	btfss	12,2	;volatile
   897  0782  2F84               	goto	u2441
   898  0783  2F85               	goto	u2440
   899  0784                     u2441:
   900  0784  2F78               	goto	l344
   901  0785                     u2440:
   902  0785                     l346:
   903                           
   904                           ;Q1.c: 740:     RC2=RC0=RC1=1;
   905  0785  148E               	bsf	14,1	;volatile
   906  0786  188E               	btfsc	14,1	;volatile
   907  0787  2F89               	goto	u2451
   908  0788  2F8C               	goto	u2450
   909  0789                     u2451:
   910  0789  0020               	movlb	0	; select bank0
   911  078A  140E               	bsf	14,0	;volatile
   912  078B  2F8E               	goto	u2464
   913  078C                     u2450:
   914  078C  0020               	movlb	0	; select bank0
   915  078D  100E               	bcf	14,0	;volatile
   916  078E                     u2464:
   917  078E  180E               	btfsc	14,0	;volatile
   918  078F  2F91               	goto	u2461
   919  0790  2F94               	goto	u2460
   920  0791                     u2461:
   921  0791  0020               	movlb	0	; select bank0
   922  0792  150E               	bsf	14,2	;volatile
   923  0793  2F96               	goto	u2474
   924  0794                     u2460:
   925  0794  0020               	movlb	0	; select bank0
   926  0795  110E               	bcf	14,2	;volatile
   927  0796                     u2474:
   928  0796                     l2565:
   929                           
   930                           ;Q1.c: 743:     fclr(2);
   931  0796  3002               	movlw	2
   932  0797  00FC               	movwf	fclr@flg
   933  0798  3000               	movlw	0
   934  0799  00FD               	movwf	fclr@flg+1
   935  079A  3186  26D0  3187   	fcall	_fclr
   936  079D                     l2567:
   937                           
   938                           ;Q1.c: 748:         if(RA0 == 0 || RA1 ==0){
   939  079D  0020               	movlb	0	; select bank0
   940  079E  1C0C               	btfss	12,0	;volatile
   941  079F  2FA1               	goto	u2481
   942  07A0  2FA2               	goto	u2480
   943  07A1                     u2481:
   944  07A1  2FA6               	goto	l2571
   945  07A2                     u2480:
   946  07A2                     l2569:
   947  07A2  188C               	btfsc	12,1	;volatile
   948  07A3  2FA5               	goto	u2491
   949  07A4  2FA6               	goto	u2490
   950  07A5                     u2491:
   951  07A5  2F9D               	goto	l2567
   952  07A6                     u2490:
   953  07A6                     l2571:
   954                           
   955                           ;Q1.c: 755:     int ans = 0;
   956  07A6  01C8               	clrf	main@ans
   957  07A7  01C9               	clrf	main@ans+1
   958                           
   959                           ;Q1.c: 757:     unsigned short segL = 0;
   960  07A8  01CA               	clrf	main@segL
   961  07A9  01CB               	clrf	main@segL+1
   962                           
   963                           ;Q1.c: 758:     unsigned short segR = 0;
   964  07AA  01CC               	clrf	main@segR
   965  07AB  01CD               	clrf	main@segR+1
   966                           
   967                           ;Q1.c: 760:     int ataiL = 0;
   968  07AC  01CE               	clrf	main@ataiL
   969  07AD  01CF               	clrf	main@ataiL+1
   970                           
   971                           ;Q1.c: 761:     int ataiR = 0;
   972  07AE  01D0               	clrf	main@ataiR
   973  07AF  01D1               	clrf	main@ataiR+1
   974                           
   975                           ;Q1.c: 763:     int zyoutai = 0;
   976  07B0  01D2               	clrf	main@zyoutai
   977  07B1  01D3               	clrf	main@zyoutai+1
   978  07B2                     l2573:
   979                           
   980                           ;Q1.c: 776:         if(RA0 ==1 && RA1 ==0){
   981  07B2  1C0C               	btfss	12,0	;volatile
   982  07B3  2FB5               	goto	u2501
   983  07B4  2FB6               	goto	u2500
   984  07B5                     u2501:
   985  07B5  2FBC               	goto	l355
   986  07B6                     u2500:
   987  07B6                     l2575:
   988  07B6  188C               	btfsc	12,1	;volatile
   989  07B7  2FB9               	goto	u2511
   990  07B8  2FBA               	goto	u2510
   991  07B9                     u2511:
   992  07B9  2FBC               	goto	l355
   993  07BA                     u2510:
   994  07BA                     l2577:
   995                           
   996                           ;Q1.c: 777:             RC2 = 0; RC1 =1;
   997  07BA  110E               	bcf	14,2	;volatile
   998  07BB  148E               	bsf	14,1	;volatile
   999  07BC                     l355:	
  1000                           ;Q1.c: 778:         }
  1001                           
  1002                           
  1003                           ;Q1.c: 780:         if(RA0 ==1 && RA1 ==1){
  1004  07BC  1C0C               	btfss	12,0	;volatile
  1005  07BD  2FBF               	goto	u2521
  1006  07BE  2FC0               	goto	u2520
  1007  07BF                     u2521:
  1008  07BF  2FB2               	goto	l2573
  1009  07C0                     u2520:
  1010  07C0                     l2579:
  1011  07C0  1C8C               	btfss	12,1	;volatile
  1012  07C1  2FC3               	goto	u2531
  1013  07C2  2FC4               	goto	u2530
  1014  07C3                     u2531:
  1015  07C3  2FB2               	goto	l2573
  1016  07C4                     u2530:
  1017  07C4                     l2581:
  1018                           
  1019                           ;Q1.c: 781:             RC2 = 1; RC1 =0;
  1020  07C4  150E               	bsf	14,2	;volatile
  1021  07C5  108E               	bcf	14,1	;volatile
  1022  07C6  2FB2               	goto	l2573
  1023  07C7  3180  2802         	ljmp	start
  1024  07C9                     __end_of_main:
  1025                           
  1026                           	psect	text1
  1027  0698                     __ptext1:	
  1028 ;; *************** function _zenoff *****************
  1029 ;; Defined at:
  1030 ;;		line 195 in file "Q1.c"
  1031 ;; Parameters:    Size  Location     Type
  1032 ;;		None
  1033 ;; Auto vars:     Size  Location     Type
  1034 ;;		None
  1035 ;; Return value:  Size  Location     Type
  1036 ;;                  1    wreg      void 
  1037 ;; Registers used:
  1038 ;;		status,2
  1039 ;; Tracked objects:
  1040 ;;		On entry : 0/0
  1041 ;;		On exit  : 0/0
  1042 ;;		Unchanged: 0/0
  1043 ;; Data sizes:     COMMON   BANK0   BANK1   BANK2   BANK3   BANK4   BANK5   BANK6   BANK7   BANK8   BANK9  BANK10  BANK1
      +1  BANK12
  1044 ;;      Params:         0       0       0       0       0       0       0       0       0       0       0       0       
      +0       0
  1045 ;;      Locals:         0       0       0       0       0       0       0       0       0       0       0       0       
      +0       0
  1046 ;;      Temps:          0       0       0       0       0       0       0       0       0       0       0       0       
      +0       0
  1047 ;;      Totals:         0       0       0       0       0       0       0       0       0       0       0       0       
      +0       0
  1048 ;;Total ram usage:        0 bytes
  1049 ;; Hardware stack levels used:    1
  1050 ;; This function calls:
  1051 ;;		Nothing
  1052 ;; This function is called by:
  1053 ;;		_main
  1054 ;; This function uses a non-reentrant model
  1055 ;;
  1056                           
  1057                           
  1058                           ;psect for function _zenoff
  1059  0698                     _zenoff:
  1060  0698                     l1979:	
  1061                           ;incstack = 0
  1062                           ; Regs used in _zenoff: [status,2]
  1063                           
  1064                           
  1065                           ;Q1.c: 197:     RC2=1;
  1066  0698  0020               	movlb	0	; select bank0
  1067  0699  150E               	bsf	14,2	;volatile
  1068                           
  1069                           ;Q1.c: 198:     RC1=1;
  1070  069A  148E               	bsf	14,1	;volatile
  1071                           
  1072                           ;Q1.c: 199:     RC0=1;
  1073  069B  140E               	bsf	14,0	;volatile
  1074  069C                     l1981:
  1075                           
  1076                           ;Q1.c: 200:     PORTB=0x00;
  1077  069C  018D               	clrf	13	;volatile
  1078  069D                     l1983:
  1079                           
  1080                           ;Q1.c: 201:     RC7=0;RC7=1;RC7=0;
  1081  069D  138E               	bcf	14,7	;volatile
  1082  069E                     l1985:
  1083  069E  178E               	bsf	14,7	;volatile
  1084  069F                     l1987:
  1085  069F  138E               	bcf	14,7	;volatile
  1086  06A0                     l108:
  1087  06A0  0008               	return
  1088  06A1                     __end_of_zenoff:
  1089                           
  1090                           	psect	text2
  1091  06A1                     __ptext2:	
  1092 ;; *************** function _portinit *****************
  1093 ;; Defined at:
  1094 ;;		line 160 in file "Q1.c"
  1095 ;; Parameters:    Size  Location     Type
  1096 ;;		None
  1097 ;; Auto vars:     Size  Location     Type
  1098 ;;		None
  1099 ;; Return value:  Size  Location     Type
  1100 ;;                  1    wreg      void 
  1101 ;; Registers used:
  1102 ;;		wreg, status,2
  1103 ;; Tracked objects:
  1104 ;;		On entry : 0/0
  1105 ;;		On exit  : 0/0
  1106 ;;		Unchanged: 0/0
  1107 ;; Data sizes:     COMMON   BANK0   BANK1   BANK2   BANK3   BANK4   BANK5   BANK6   BANK7   BANK8   BANK9  BANK10  BANK1
      +1  BANK12
  1108 ;;      Params:         0       0       0       0       0       0       0       0       0       0       0       0       
      +0       0
  1109 ;;      Locals:         0       0       0       0       0       0       0       0       0       0       0       0       
      +0       0
  1110 ;;      Temps:          0       0       0       0       0       0       0       0       0       0       0       0       
      +0       0
  1111 ;;      Totals:         0       0       0       0       0       0       0       0       0       0       0       0       
      +0       0
  1112 ;;Total ram usage:        0 bytes
  1113 ;; Hardware stack levels used:    1
  1114 ;; This function calls:
  1115 ;;		Nothing
  1116 ;; This function is called by:
  1117 ;;		_main
  1118 ;; This function uses a non-reentrant model
  1119 ;;
  1120                           
  1121                           
  1122                           ;psect for function _portinit
  1123  06A1                     _portinit:
  1124  06A1                     l1949:	
  1125                           ;incstack = 0
  1126                           ; Regs used in _portinit: [wreg+status,2]
  1127                           
  1128                           
  1129                           ;Q1.c: 163:     ANSELA=0x00;
  1130  06A1  0023               	movlb	3	; select bank3
  1131  06A2  018C               	clrf	12	;volatile
  1132                           
  1133                           ;Q1.c: 164:     ANSELB=0x00;
  1134  06A3  018D               	clrf	13	;volatile
  1135  06A4                     l1951:
  1136                           
  1137                           ;Q1.c: 166:     PORTA=0x07;
  1138  06A4  3007               	movlw	7
  1139  06A5  0020               	movlb	0	; select bank0
  1140  06A6  008C               	movwf	12	;volatile
  1141  06A7                     l1953:
  1142                           
  1143                           ;Q1.c: 167:     TRISA=0x07;
  1144  06A7  3007               	movlw	7
  1145  06A8  0021               	movlb	1	; select bank1
  1146  06A9  008C               	movwf	12	;volatile
  1147                           
  1148                           ;Q1.c: 168:     PORTB=0x00;
  1149  06AA  0020               	movlb	0	; select bank0
  1150  06AB  018D               	clrf	13	;volatile
  1151                           
  1152                           ;Q1.c: 169:     TRISB=0x00;
  1153  06AC  0021               	movlb	1	; select bank1
  1154  06AD  018D               	clrf	13	;volatile
  1155  06AE                     l1955:
  1156                           
  1157                           ;Q1.c: 170:     PORTC=0x07;
  1158  06AE  3007               	movlw	7
  1159  06AF  0020               	movlb	0	; select bank0
  1160  06B0  008E               	movwf	14	;volatile
  1161  06B1                     l1957:
  1162                           
  1163                           ;Q1.c: 171:     TRISC=0x00;
  1164  06B1  0021               	movlb	1	; select bank1
  1165  06B2  018E               	clrf	14	;volatile
  1166  06B3                     l95:
  1167  06B3  0008               	return
  1168  06B4                     __end_of_portinit:
  1169                           
  1170                           	psect	text3
  1171  06D0                     __ptext3:	
  1172 ;; *************** function _fclr *****************
  1173 ;; Defined at:
  1174 ;;		line 369 in file "Q1.c"
  1175 ;; Parameters:    Size  Location     Type
  1176 ;;  flg             2    0[COMMON] unsigned short 
  1177 ;; Auto vars:     Size  Location     Type
  1178 ;;		None
  1179 ;; Return value:  Size  Location     Type
  1180 ;;                  1    wreg      void 
  1181 ;; Registers used:
  1182 ;;		wreg, fsr0l, fsr0h, status,2, status,0
  1183 ;; Tracked objects:
  1184 ;;		On entry : 0/0
  1185 ;;		On exit  : 0/0
  1186 ;;		Unchanged: 0/0
  1187 ;; Data sizes:     COMMON   BANK0   BANK1   BANK2   BANK3   BANK4   BANK5   BANK6   BANK7   BANK8   BANK9  BANK10  BANK1
      +1  BANK12
  1188 ;;      Params:         2       0       0       0       0       0       0       0       0       0       0       0       
      +0       0
  1189 ;;      Locals:         0       0       0       0       0       0       0       0       0       0       0       0       
      +0       0
  1190 ;;      Temps:          0       0       0       0       0       0       0       0       0       0       0       0       
      +0       0
  1191 ;;      Totals:         2       0       0       0       0       0       0       0       0       0       0       0       
      +0       0
  1192 ;;Total ram usage:        2 bytes
  1193 ;; Hardware stack levels used:    1
  1194 ;; This function calls:
  1195 ;;		Nothing
  1196 ;; This function is called by:
  1197 ;;		_main
  1198 ;;		_kaisu
  1199 ;;		_waitSEGStop
  1200 ;;		_motorStop
  1201 ;;		_buzzStop
  1202 ;; This function uses a non-reentrant model
  1203 ;;
  1204                           
  1205                           
  1206                           ;psect for function _fclr
  1207  06D0                     _fclr:
  1208  06D0                     l2023:	
  1209                           ;incstack = 0
  1210                           ; Regs used in _fclr: [wreg-fsr0h+status,2+status,0]
  1211                           
  1212                           
  1213                           ;Q1.c: 369: void fclr(unsigned short flg);Q1.c: 370: {;Q1.c: 371:     switch(flg){
  1214  06D0  2EDE               	goto	l2033
  1215  06D1                     l2025:
  1216                           
  1217                           ;Q1.c: 373:                     flag_R=0;
  1218  06D1  01F8               	clrf	_flag_R
  1219  06D2  01F9               	clrf	_flag_R+1
  1220                           
  1221                           ;Q1.c: 374:                     break;
  1222  06D3  2EEE               	goto	l217
  1223  06D4                     l2027:
  1224                           
  1225                           ;Q1.c: 376:                     flag_P=0;
  1226  06D4  0020               	movlb	0	; select bank0
  1227  06D5  01E4               	clrf	_flag_P
  1228  06D6  01E5               	clrf	_flag_P+1
  1229                           
  1230                           ;Q1.c: 377:                     break;
  1231  06D7  2EEE               	goto	l217
  1232  06D8                     l2029:
  1233                           
  1234                           ;Q1.c: 379:                     flag_P=flag_R=0;
  1235  06D8  01F8               	clrf	_flag_R
  1236  06D9  01F9               	clrf	_flag_R+1
  1237  06DA  0020               	movlb	0	; select bank0
  1238  06DB  01E4               	clrf	_flag_P
  1239  06DC  01E5               	clrf	_flag_P+1
  1240                           
  1241                           ;Q1.c: 380:                     break;
  1242  06DD  2EEE               	goto	l217
  1243  06DE                     l2033:
  1244                           
  1245                           ; Switch on 2 bytes has been partitioned into a top level switch of size 1, and 1 sub-sw
      +                          itches
  1246                           ; Switch size 1, requested type "simple"
  1247                           ; Number of cases is 1, Range of values is 0 to 0
  1248                           ; switch strategies available:
  1249                           ; Name         Instructions Cycles
  1250                           ; simple_byte            4     3 (average)
  1251                           ; direct_byte            8     6 (fixed)
  1252                           ; jumptable            260     6 (fixed)
  1253                           ;	Chosen strategy is simple_byte
  1254  06DE  087D               	movf	fclr@flg+1,w
  1255  06DF  3A00               	xorlw	0	; case 0
  1256  06E0  1903               	skipnz
  1257  06E1  2EE3               	goto	l2699
  1258  06E2  2EEE               	goto	l217
  1259  06E3                     l2699:
  1260                           
  1261                           ; Switch size 1, requested type "simple"
  1262                           ; Number of cases is 3, Range of values is 0 to 2
  1263                           ; switch strategies available:
  1264                           ; Name         Instructions Cycles
  1265                           ; simple_byte           10     6 (average)
  1266                           ; direct_byte           12     6 (fixed)
  1267                           ; jumptable            260     6 (fixed)
  1268                           ;	Chosen strategy is simple_byte
  1269  06E3  087C               	movf	fclr@flg,w
  1270  06E4  3A00               	xorlw	0	; case 0
  1271  06E5  1903               	skipnz
  1272  06E6  2ED1               	goto	l2025
  1273  06E7  3A01               	xorlw	1	; case 1
  1274  06E8  1903               	skipnz
  1275  06E9  2ED4               	goto	l2027
  1276  06EA  3A03               	xorlw	3	; case 2
  1277  06EB  1903               	skipnz
  1278  06EC  2ED8               	goto	l2029
  1279  06ED  2EEE               	goto	l217
  1280  06EE                     l217:
  1281  06EE  0008               	return
  1282  06EF                     __end_of_fclr:
  1283  007E                     btemp	set	126	;btemp
  1284  007E                     wtemp0	set	126
  1285                           
  1286                           	psect	config
  1287                           
  1288                           ;Config register CONFIG1 @ 0x8007
  1289                           ;	Oscillator Selection
  1290                           ;	FOSC = INTOSC, INTOSC oscillator: I/O function on CLKIN pin
  1291                           ;	Watchdog Timer Enable
  1292                           ;	WDTE = OFF, WDT disabled
  1293                           ;	Power-up Timer Enable
  1294                           ;	PWRTE = OFF, PWRT disabled
  1295                           ;	MCLR Pin Function Select
  1296                           ;	MCLRE = ON, MCLR/VPP pin function is MCLR
  1297                           ;	Flash Program Memory Code Protection
  1298                           ;	CP = OFF, Program memory code protection is disabled
  1299                           ;	Data Memory Code Protection
  1300                           ;	CPD = OFF, Data memory code protection is disabled
  1301                           ;	Brown-out Reset Enable
  1302                           ;	BOREN = OFF, Brown-out Reset disabled
  1303                           ;	Clock Out Enable
  1304                           ;	CLKOUTEN = OFF, CLKOUT function is disabled. I/O or oscillator function on the CLKOUT 
      +                          pin
  1305                           ;	Internal/External Switchover
  1306                           ;	IESO = OFF, Internal/External Switchover mode is disabled
  1307                           ;	Fail-Safe Clock Monitor Enable
  1308                           ;	FCMEN = OFF, Fail-Safe Clock Monitor is disabled
  1309  8007                     	org	32775
  1310  8007  09E4               	dw	2532
  1311                           
  1312                           ;Config register CONFIG2 @ 0x8008
  1313                           ;	Flash Memory Self-Write Protection
  1314                           ;	WRT = OFF, Write protection off
  1315                           ;	Voltage Regulator Capacitor Enable
  1316                           ;	VCAPEN = OFF, All VCAP pin functionality is disabled
  1317                           ;	PLL Enable
  1318                           ;	PLLEN = OFF, 4x PLL disabled
  1319                           ;	Stack Overflow/Underflow Reset Enable
  1320                           ;	STVREN = ON, Stack Overflow or Underflow will cause a Reset
  1321                           ;	Brown-out Reset Voltage Selection
  1322                           ;	BORV = LO, Brown-out Reset Voltage (Vbor), low trip point selected.
  1323                           ;	Low-Voltage Programming Enable
  1324                           ;	LVP = OFF, High-voltage on MCLR/VPP must be used for programming
  1325  8008                     	org	32776
  1326  8008  1EFF               	dw	7935

Data Sizes:
    Strings     0
    Constant    0
    Data        156
    BSS         34
    Persistent  32
    Stack       0

Auto Spaces:
    Space          Size  Autos    Used
    COMMON           14      2      14
    BANK0            80     24      74
    BANK1            80      0      76
    BANK2            80      0      52
    BANK3            80      0       0
    BANK4            80      0       0
    BANK5            80      0       0
    BANK6            80      0       0
    BANK7            80      0       0
    BANK8            80      0       0
    BANK9            80      0       0
    BANK10           80      0       0
    BANK11           80      0       0
    BANK12           48      0       0

Pointer List with Targets:

    None.

Critical Paths under _main in COMMON

    _main->_fclr

Critical Paths under _main in BANK0

    None.

Critical Paths under _main in BANK1

    None.

Critical Paths under _main in BANK2

    None.

Critical Paths under _main in BANK3

    None.

Critical Paths under _main in BANK4

    None.

Critical Paths under _main in BANK5

    None.

Critical Paths under _main in BANK6

    None.

Critical Paths under _main in BANK7

    None.

Critical Paths under _main in BANK8

    None.

Critical Paths under _main in BANK9

    None.

Critical Paths under _main in BANK10

    None.

Critical Paths under _main in BANK11

    None.

Critical Paths under _main in BANK12

    None.

Call Graph Tables:

 ---------------------------------------------------------------------------------
 (Depth) Function   	        Calls       Base Space   Used Autos Params    Refs
 ---------------------------------------------------------------------------------
 (0) _main                                                24    24      0    1630
                                              0 BANK0     24    24      0
                               _fclr
                           _portinit
                             _zenoff
 ---------------------------------------------------------------------------------
 (1) _zenoff                                               0     0      0       0
 ---------------------------------------------------------------------------------
 (1) _portinit                                             0     0      0       0
 ---------------------------------------------------------------------------------
 (1) _fclr                                                 2     0      2    1618
                                              0 COMMON     2     0      2
 ---------------------------------------------------------------------------------
 Estimated maximum stack depth 1
 ---------------------------------------------------------------------------------

 Call Graph Graphs:

 _main (ROOT)
   _fclr
   _portinit
   _zenoff

 Address spaces:
Name               Size   Autos  Total    Cost      Usage
BIGRAM             3F0      0       0       0        0.0%
EEDATA             100      0       0       0        0.0%
NULL                 0      0       0       0        0.0%
CODE                 0      0       0       0        0.0%
BITCOMMON            E      0       0       1        0.0%
BITSFR0              0      0       0       1        0.0%
SFR0                 0      0       0       1        0.0%
COMMON               E      2       E       2      100.0%
BITSFR1              0      0       0       2        0.0%
SFR1                 0      0       0       2        0.0%
BITSFR2              0      0       0       3        0.0%
SFR2                 0      0       0       3        0.0%
STACK                0      0       0       3        0.0%
BITBANK0            50      0       0       4        0.0%
BITSFR3              0      0       0       4        0.0%
SFR3                 0      0       0       4        0.0%
BANK0               50     18      4A       5       92.5%
BITSFR4              0      0       0       5        0.0%
SFR4                 0      0       0       5        0.0%
BITBANK1            50      0       0       6        0.0%
BITSFR5              0      0       0       6        0.0%
SFR5                 0      0       0       6        0.0%
BANK1               50      0      4C       7       95.0%
BITSFR6              0      0       0       7        0.0%
SFR6                 0      0       0       7        0.0%
BITBANK2            50      0       0       8        0.0%
BITSFR7              0      0       0       8        0.0%
SFR7                 0      0       0       8        0.0%
BANK2               50      0      34       9       65.0%
BITSFR8              0      0       0       9        0.0%
SFR8                 0      0       0       9        0.0%
BITBANK3            50      0       0      10        0.0%
BITSFR9              0      0       0      10        0.0%
SFR9                 0      0       0      10        0.0%
BANK3               50      0       0      11        0.0%
BITSFR10             0      0       0      11        0.0%
SFR10                0      0       0      11        0.0%
BITBANK4            50      0       0      12        0.0%
BITSFR11             0      0       0      12        0.0%
SFR11                0      0       0      12        0.0%
BANK4               50      0       0      13        0.0%
BITSFR12             0      0       0      13        0.0%
SFR12                0      0       0      13        0.0%
BITBANK5            50      0       0      14        0.0%
BITSFR13             0      0       0      14        0.0%
SFR13                0      0       0      14        0.0%
BANK5               50      0       0      15        0.0%
BITSFR14             0      0       0      15        0.0%
SFR14                0      0       0      15        0.0%
BITBANK6            50      0       0      16        0.0%
BITSFR15             0      0       0      16        0.0%
SFR15                0      0       0      16        0.0%
BANK6               50      0       0      17        0.0%
BITSFR16             0      0       0      17        0.0%
SFR16                0      0       0      17        0.0%
BITBANK7            50      0       0      18        0.0%
BITSFR17             0      0       0      18        0.0%
SFR17                0      0       0      18        0.0%
BANK7               50      0       0      19        0.0%
BITSFR18             0      0       0      19        0.0%
SFR18                0      0       0      19        0.0%
BITSFR19             0      0       0      20        0.0%
SFR19                0      0       0      20        0.0%
ABS                  0      0      D8      20        0.0%
BITBANK8            50      0       0      21        0.0%
BITSFR20             0      0       0      21        0.0%
SFR20                0      0       0      21        0.0%
BANK8               50      0       0      22        0.0%
BITSFR21             0      0       0      22        0.0%
SFR21                0      0       0      22        0.0%
BITBANK9            50      0       0      23        0.0%
BITSFR22             0      0       0      23        0.0%
SFR22                0      0       0      23        0.0%
BANK9               50      0       0      24        0.0%
BITSFR23             0      0       0      24        0.0%
SFR23                0      0       0      24        0.0%
BITBANK10           50      0       0      25        0.0%
BITSFR24             0      0       0      25        0.0%
SFR24                0      0       0      25        0.0%
BANK10              50      0       0      26        0.0%
BITSFR25             0      0       0      26        0.0%
SFR25                0      0       0      26        0.0%
BITBANK11           50      0       0      27        0.0%
BITSFR26             0      0       0      27        0.0%
SFR26                0      0       0      27        0.0%
BANK11              50      0       0      28        0.0%
BITSFR27             0      0       0      28        0.0%
SFR27                0      0       0      28        0.0%
BITBANK12           30      0       0      29        0.0%
BITSFR28             0      0       0      29        0.0%
SFR28                0      0       0      29        0.0%
BANK12              30      0       0      30        0.0%
BITSFR29             0      0       0      30        0.0%
SFR29                0      0       0      30        0.0%
BITSFR30             0      0       0      31        0.0%
SFR30                0      0       0      31        0.0%
DATA                 0      0      D8      31        0.0%
BITSFR31             0      0       0      32        0.0%
SFR31                0      0       0      32        0.0%


Microchip Technology PIC Macro Assembler V2.31 build 20201012212115 
Symbol Table                                                                                   Sat Jun 05 12:55:37 2021

                     l95 06B3                       _cw 0074                      l108 06A0  
                    l217 06EE                      l344 0778                      l346 0785  
                    l355 07BC                      _RA0 0060                      _RA1 0061  
                    _RA2 0062                      _RC0 0070                      _RC1 0071  
                    _RC2 0072                      _RC5 0075                      _RC6 0076  
                    _RC7 0077                      _ccw 0072                      _flg 0076  
                    wreg 0009                     l2023 06D0                     l2025 06D1  
                   l2033 06DE                     l2027 06D4                     l2029 06D8  
                   l2551 0778                     l2561 077D                     l2553 0778  
                   l2571 07A6                     l2563 0781                     l2555 0778  
                   l2547 076F                     l2581 07C4                     l2573 07B2  
                   l2565 0796                     l2557 0778                     l2549 0772  
                   l1951 06A4                     l2575 07B6                     l2567 079D  
                   l2559 0778                     l1953 06A7                     l2577 07BA  
                   l2569 07A2                     l1955 06AE                     l2579 07C0  
                   l1957 06B1                     l1949 06A1                     l1981 069C  
                   l1983 069D                     l1985 069E                     l2699 06E3  
                   l1987 069F                     l1979 0698                     u2500 07B6  
                   u2420 077D                     u2501 07B5                     u2421 077C  
                   u2510 07BA                     u2430 0781                     u2511 07B9  
                   u2431 0780                     u2520 07C0                     u2440 0785  
                   u2521 07BF                     u2441 0784                     u2530 07C4  
                   u2450 078C                     u2531 07C3                     u2451 0789  
                   u2460 0794                     u2461 0791                     u2480 07A2  
                   u2464 078E                     u2481 07A1                     u2490 07A6  
                   u2474 0796                     u2491 07A5                     _atai 0060  
                   _fclr 06D0                     _main 076F                     _num0 00C0  
                   _kisu 0020                     _moja 00E0                     _samf 0120  
                   _mojf 00D4                     _mojh 0038                     _moji 0140  
                   _mojn 0034                     _samp 00A0                     _gusu 002A  
                   fsr0h 0005                     fsr1h 0007                     indf0 0000  
                   fsr0l 0004                     fsr1l 0006                     btemp 007E  
                   start 0002              main@zyoutai 0052                    ?_fclr 007C  
                  ?_main 007C                    _PORTA 000C                    _PORTB 000D  
                  _PORTC 000E                    _TRISA 008C                    _TRISB 008D  
                  _TRISC 008E                    _code1 0056                    _atai1 0062  
                  _count 005E                    _fugou 0054                    wtemp0 007E  
        __initialization 07C9             __end_of_fclr 06EF             __end_of_main 07C9  
                 ??_fclr 007E                   ??_main 007E                   _ANSELA 018C  
                 _ANSELB 018D                   _OSCCON 0099                   _code10 0058  
                 _atai10 0070                   _flag_P 0064                   _flag_R 0078  
                 _zenoff 0698         __end_of_portinit 06B4  __end_of__initialization 07FD  
         __pcstackCOMMON 007C             __pidataBANK0 06B4             __pidataBANK1 0723  
           __pidataBANK2 06EF               __pbssBANK0 0054               __pmaintext 076F  
                ?_zenoff 007C                ?_portinit 007C                  _code100 005A  
                __ptext1 0698                  __ptext2 06A1                  __ptext3 06D0  
        __size_of_zenoff 0009                  fclr@flg 007C                  main@ans 0048  
                clrloop0 068D     end_of_initialization 07FD                  init_ram 0692  
                initloop 0693               ??_portinit 007C           __end_of_zenoff 06A1  
    start_initialization 07C9              __pdataBANK0 0020              __pdataBANK1 00A0  
            __pdataBANK2 0120                 ??_zenoff 007C              __pbssCOMMON 0070  
              ___latbits 0003            __pcstackBANK0 003C        __size_of_portinit 0013  
              clear_ram0 068C                main@ataiL 004E                main@ataiR 0050  
               _code1000 005C                 _flag_sw1 0068                 _flag_sw2 0066  
               _flag_sw3 007A            __size_of_fclr 001F            __size_of_main 005A  
               _portinit 06A1                 main@segL 004A                 main@segR 004C  
